0 info it worked if it ends with ok
1 verbose cli [ '/usr/local/Cellar/nvm/0.32.1/versions/node/v7.1.0/bin/node',
1 verbose cli   '/usr/local/opt/nvm/versions/node/v7.1.0/bin/npm',
1 verbose cli   'start' ]
2 info using npm@3.10.9
3 info using node@v7.1.0
4 verbose run-script [ 'prestart', 'start', 'poststart' ]
5 info lifecycle babel.github.io@1.0.0~prestart: babel.github.io@1.0.0
6 silly lifecycle babel.github.io@1.0.0~prestart: no script for prestart, continuing
7 info lifecycle babel.github.io@1.0.0~start: babel.github.io@1.0.0
8 verbose lifecycle babel.github.io@1.0.0~start: unsafe-perm in lifecycle true
9 verbose lifecycle babel.github.io@1.0.0~start: PATH: /usr/local/Cellar/nvm/0.32.1/versions/node/v7.1.0/lib/node_modules/npm/bin/node-gyp-bin:/Users/fredericmarx/Github/babel.github.io/node_modules/.bin:/usr/local/Cellar/nvm/0.32.1/versions/node/v7.1.0/bin:/usr/local/opt/nvm/versions/node/v7.1.0/bin:/Users/fredericmarx/.rbenv/bin:/Users/fredericmarx/.rbenv/shims:/usr/local/sbin:/usr/local/bin:/usr/bin:/bin:/usr/sbin:/sbin:/usr/local/bin
10 verbose lifecycle babel.github.io@1.0.0~start: CWD: /Users/fredericmarx/Github/babel.github.io
11 silly lifecycle babel.github.io@1.0.0~start: Args: [ '-c', 'make serve' ]
12 silly lifecycle babel.github.io@1.0.0~start: Returned: code: 2  signal: null
13 info lifecycle babel.github.io@1.0.0~start: Failed to exec start script
14 verbose stack Error: babel.github.io@1.0.0 start: `make serve`
14 verbose stack Exit status 2
14 verbose stack     at EventEmitter.<anonymous> (/usr/local/Cellar/nvm/0.32.1/versions/node/v7.1.0/lib/node_modules/npm/lib/utils/lifecycle.js:255:16)
14 verbose stack     at emitTwo (events.js:106:13)
14 verbose stack     at EventEmitter.emit (events.js:191:7)
14 verbose stack     at ChildProcess.<anonymous> (/usr/local/Cellar/nvm/0.32.1/versions/node/v7.1.0/lib/node_modules/npm/lib/utils/spawn.js:40:14)
14 verbose stack     at emitTwo (events.js:106:13)
14 verbose stack     at ChildProcess.emit (events.js:191:7)
14 verbose stack     at maybeClose (internal/child_process.js:885:16)
14 verbose stack     at Process.ChildProcess._handle.onexit (internal/child_process.js:226:5)
15 verbose pkgid babel.github.io@1.0.0
16 verbose cwd /Users/fredericmarx/Github/babel.github.io
17 error Darwin 16.0.0
18 error argv "/usr/local/Cellar/nvm/0.32.1/versions/node/v7.1.0/bin/node" "/usr/local/opt/nvm/versions/node/v7.1.0/bin/npm" "start"
19 error node v7.1.0
20 error npm  v3.10.9
21 error code ELIFECYCLE
22 error babel.github.io@1.0.0 start: `make serve`
22 error Exit status 2
23 error Failed at the babel.github.io@1.0.0 start script 'make serve'.
23 error Make sure you have the latest version of node.js and npm installed.
23 error If you do, this is most likely a problem with the babel.github.io package,
23 error not with npm itself.
23 error Tell the author that this fails on your system:
23 error     make serve
23 error You can get information on how to open an issue for this project with:
23 error     npm bugs babel.github.io
23 error Or if that isn't available, you can get their info via:
23 error     npm owner ls babel.github.io
23 error There is likely additional logging output above.
24 verbose exit [ 1, true ]
